<?xml version="1.0" encoding="UTF-8"?>
<testsuite xmlns:xsi="http://www.w3.org/2001/XMLSchema-instance" xsi:noNamespaceSchemaLocation="https://maven.apache.org/surefire/maven-surefire-plugin/xsd/surefire-test-report-3.0.xsd" version="3.0" name="org.example.RunCucumberTest" time="0.168" tests="3" errors="0" skipped="0" failures="0">
  <properties>
    <property name="java.specification.version" value="17"/>
    <property name="sun.cpu.isalist" value="amd64"/>
    <property name="sun.jnu.encoding" value="MS950"/>
    <property name="java.class.path" value="E:\Homework\AI-100x-SE-Join-Quest\Step1\target\test-classes;E:\Homework\AI-100x-SE-Join-Quest\Step1\target\classes;C:\Users\USER\.m2\repository\io\cucumber\cucumber-java\7.14.0\cucumber-java-7.14.0.jar;C:\Users\USER\.m2\repository\io\cucumber\cucumber-core\7.14.0\cucumber-core-7.14.0.jar;C:\Users\USER\.m2\repository\io\cucumber\cucumber-gherkin\7.14.0\cucumber-gherkin-7.14.0.jar;C:\Users\USER\.m2\repository\io\cucumber\cucumber-gherkin-messages\7.14.0\cucumber-gherkin-messages-7.14.0.jar;C:\Users\USER\.m2\repository\io\cucumber\gherkin\26.2.0\gherkin-26.2.0.jar;C:\Users\USER\.m2\repository\io\cucumber\messages\22.0.0\messages-22.0.0.jar;C:\Users\USER\.m2\repository\io\cucumber\tag-expressions\5.0.6\tag-expressions-5.0.6.jar;C:\Users\USER\.m2\repository\io\cucumber\cucumber-expressions\16.1.2\cucumber-expressions-16.1.2.jar;C:\Users\USER\.m2\repository\io\cucumber\datatable\7.14.0\datatable-7.14.0.jar;C:\Users\USER\.m2\repository\io\cucumber\cucumber-plugin\7.14.0\cucumber-plugin-7.14.0.jar;C:\Users\USER\.m2\repository\io\cucumber\docstring\7.14.0\docstring-7.14.0.jar;C:\Users\USER\.m2\repository\io\cucumber\html-formatter\20.4.0\html-formatter-20.4.0.jar;C:\Users\USER\.m2\repository\io\cucumber\junit-xml-formatter\0.2.0\junit-xml-formatter-0.2.0.jar;C:\Users\USER\.m2\repository\io\cucumber\ci-environment\9.2.0\ci-environment-9.2.0.jar;C:\Users\USER\.m2\repository\org\apiguardian\apiguardian-api\1.1.2\apiguardian-api-1.1.2.jar;C:\Users\USER\.m2\repository\io\cucumber\cucumber-junit-platform-engine\7.14.0\cucumber-junit-platform-engine-7.14.0.jar;C:\Users\USER\.m2\repository\org\junit\platform\junit-platform-engine\1.10.0\junit-platform-engine-1.10.0.jar;C:\Users\USER\.m2\repository\org\junit\platform\junit-platform-suite\1.9.3\junit-platform-suite-1.9.3.jar;C:\Users\USER\.m2\repository\org\junit\platform\junit-platform-suite-api\1.9.3\junit-platform-suite-api-1.9.3.jar;C:\Users\USER\.m2\repository\org\junit\platform\junit-platform-suite-engine\1.9.3\junit-platform-suite-engine-1.9.3.jar;C:\Users\USER\.m2\repository\org\junit\platform\junit-platform-suite-commons\1.9.3\junit-platform-suite-commons-1.9.3.jar;C:\Users\USER\.m2\repository\org\junit\platform\junit-platform-launcher\1.9.3\junit-platform-launcher-1.9.3.jar;C:\Users\USER\.m2\repository\org\junit\jupiter\junit-jupiter-api\5.9.3\junit-jupiter-api-5.9.3.jar;C:\Users\USER\.m2\repository\org\opentest4j\opentest4j\1.2.0\opentest4j-1.2.0.jar;C:\Users\USER\.m2\repository\org\junit\platform\junit-platform-commons\1.9.3\junit-platform-commons-1.9.3.jar;"/>
    <property name="java.vm.vendor" value="Oracle Corporation"/>
    <property name="sun.arch.data.model" value="64"/>
    <property name="user.variant" value=""/>
    <property name="java.vendor.url" value="https://java.oracle.com/"/>
    <property name="user.timezone" value="Asia/Taipei"/>
    <property name="os.name" value="Windows 11"/>
    <property name="java.vm.specification.version" value="17"/>
    <property name="sun.java.launcher" value="SUN_STANDARD"/>
    <property name="user.country" value="TW"/>
    <property name="sun.boot.library.path" value="C:\Program Files\Java\jdk-17.0.15\bin"/>
    <property name="sun.java.command" value="C:\Users\USER\AppData\Local\Temp\surefire5825048309856519694\surefirebooter-20250702200751734_3.jar C:\Users\USER\AppData\Local\Temp\surefire5825048309856519694 2025-07-02T20-07-51_210-jvmRun1 surefire-20250702200751734_1tmp surefire_0-20250702200751734_2tmp"/>
    <property name="jdk.debug" value="release"/>
    <property name="test" value="org.example.RunCucumberTest"/>
    <property name="surefire.test.class.path" value="E:\Homework\AI-100x-SE-Join-Quest\Step1\target\test-classes;E:\Homework\AI-100x-SE-Join-Quest\Step1\target\classes;C:\Users\USER\.m2\repository\io\cucumber\cucumber-java\7.14.0\cucumber-java-7.14.0.jar;C:\Users\USER\.m2\repository\io\cucumber\cucumber-core\7.14.0\cucumber-core-7.14.0.jar;C:\Users\USER\.m2\repository\io\cucumber\cucumber-gherkin\7.14.0\cucumber-gherkin-7.14.0.jar;C:\Users\USER\.m2\repository\io\cucumber\cucumber-gherkin-messages\7.14.0\cucumber-gherkin-messages-7.14.0.jar;C:\Users\USER\.m2\repository\io\cucumber\gherkin\26.2.0\gherkin-26.2.0.jar;C:\Users\USER\.m2\repository\io\cucumber\messages\22.0.0\messages-22.0.0.jar;C:\Users\USER\.m2\repository\io\cucumber\tag-expressions\5.0.6\tag-expressions-5.0.6.jar;C:\Users\USER\.m2\repository\io\cucumber\cucumber-expressions\16.1.2\cucumber-expressions-16.1.2.jar;C:\Users\USER\.m2\repository\io\cucumber\datatable\7.14.0\datatable-7.14.0.jar;C:\Users\USER\.m2\repository\io\cucumber\cucumber-plugin\7.14.0\cucumber-plugin-7.14.0.jar;C:\Users\USER\.m2\repository\io\cucumber\docstring\7.14.0\docstring-7.14.0.jar;C:\Users\USER\.m2\repository\io\cucumber\html-formatter\20.4.0\html-formatter-20.4.0.jar;C:\Users\USER\.m2\repository\io\cucumber\junit-xml-formatter\0.2.0\junit-xml-formatter-0.2.0.jar;C:\Users\USER\.m2\repository\io\cucumber\ci-environment\9.2.0\ci-environment-9.2.0.jar;C:\Users\USER\.m2\repository\org\apiguardian\apiguardian-api\1.1.2\apiguardian-api-1.1.2.jar;C:\Users\USER\.m2\repository\io\cucumber\cucumber-junit-platform-engine\7.14.0\cucumber-junit-platform-engine-7.14.0.jar;C:\Users\USER\.m2\repository\org\junit\platform\junit-platform-engine\1.10.0\junit-platform-engine-1.10.0.jar;C:\Users\USER\.m2\repository\org\junit\platform\junit-platform-suite\1.9.3\junit-platform-suite-1.9.3.jar;C:\Users\USER\.m2\repository\org\junit\platform\junit-platform-suite-api\1.9.3\junit-platform-suite-api-1.9.3.jar;C:\Users\USER\.m2\repository\org\junit\platform\junit-platform-suite-engine\1.9.3\junit-platform-suite-engine-1.9.3.jar;C:\Users\USER\.m2\repository\org\junit\platform\junit-platform-suite-commons\1.9.3\junit-platform-suite-commons-1.9.3.jar;C:\Users\USER\.m2\repository\org\junit\platform\junit-platform-launcher\1.9.3\junit-platform-launcher-1.9.3.jar;C:\Users\USER\.m2\repository\org\junit\jupiter\junit-jupiter-api\5.9.3\junit-jupiter-api-5.9.3.jar;C:\Users\USER\.m2\repository\org\opentest4j\opentest4j\1.2.0\opentest4j-1.2.0.jar;C:\Users\USER\.m2\repository\org\junit\platform\junit-platform-commons\1.9.3\junit-platform-commons-1.9.3.jar;"/>
    <property name="sun.cpu.endian" value="little"/>
    <property name="user.home" value="C:\Users\USER"/>
    <property name="user.language" value="zh"/>
    <property name="java.specification.vendor" value="Oracle Corporation"/>
    <property name="java.version.date" value="2025-04-15"/>
    <property name="java.home" value="C:\Program Files\Java\jdk-17.0.15"/>
    <property name="file.separator" value="\"/>
    <property name="basedir" value="E:\Homework\AI-100x-SE-Join-Quest\Step1"/>
    <property name="java.vm.compressedOopsMode" value="Zero based"/>
    <property name="line.separator" value="&#10;"/>
    <property name="java.vm.specification.vendor" value="Oracle Corporation"/>
    <property name="java.specification.name" value="Java Platform API Specification"/>
    <property name="surefire.real.class.path" value="C:\Users\USER\AppData\Local\Temp\surefire5825048309856519694\surefirebooter-20250702200751734_3.jar"/>
    <property name="user.script" value=""/>
    <property name="sun.management.compiler" value="HotSpot 64-Bit Tiered Compilers"/>
    <property name="java.runtime.version" value="17.0.15+9-LTS-241"/>
    <property name="user.name" value="Charis"/>
    <property name="path.separator" value=";"/>
    <property name="os.version" value="10.0"/>
    <property name="java.runtime.name" value="Java(TM) SE Runtime Environment"/>
    <property name="file.encoding" value="MS950"/>
    <property name="java.vm.name" value="Java HotSpot(TM) 64-Bit Server VM"/>
    <property name="localRepository" value="C:\Users\USER\.m2\repository"/>
    <property name="java.vendor.url.bug" value="https://bugreport.java.com/bugreport/"/>
    <property name="java.io.tmpdir" value="C:\Users\USER\AppData\Local\Temp\"/>
    <property name="java.version" value="17.0.15"/>
    <property name="user.dir" value="E:\Homework\AI-100x-SE-Join-Quest\Step1"/>
    <property name="os.arch" value="amd64"/>
    <property name="java.vm.specification.name" value="Java Virtual Machine Specification"/>
    <property name="sun.os.patch.level" value=""/>
    <property name="native.encoding" value="MS950"/>
    <property name="java.library.path" value="C:\Program Files\Java\jdk-17.0.15\bin;C:\Windows\Sun\Java\bin;C:\Windows\system32;C:\Windows;D:\Program Files\Git\mingw64\bin;D:\Program Files\Git\usr\bin;C:\Users\USER\bin;C:\Users\USER\AppData\Local\cloud-code\installer\google-cloud-sdk\bin;C:\PYTHON3.8\Lib\site-packages\torch\lib;D:\Program Files\Solomon Technology Corp\META-aivi\Version_5.2.2;C:\Program Files\Basler\pylon 5\Runtime\Win32;C:\Program Files\Basler\pylon 5\Runtime\x64;C:\PYTHON3.8;C:\PYTHON3.8\Scripts;C:\Program Files\Java\jdk-17.0.15\bin;C:\Program Files (x86)\VMware\VMware Workstation\bin;C:\Windows\system32;C:\Windows;C:\Program Files (x86)\Common Files\Oracle\Java\javapath;C:\Windows\System32\Wbem;C:\Windows\System32\WindowsPowerShell\v1.0;C:\Windows\System32\OpenSSH;C:\Program Files (x86)\NVIDIA Corporation\PhysX\Common;C:\Program Files\NVIDIA Corporation\NVIDIA NvDLISR;C:\Program Files\dotnet;D:\Program Files\Git\cmd;C:\Program Files\Docker\Docker\resources\bin;C:\Users\USER\AppData\Roaming\nvm;C:\Program Files (x86)\Microsoft SQL Server\160\DTS\Binn;C:\Program Files\Microsoft SQL Server\150\Tools\Binn;C:\Program Files\Microsoft SQL Server\Client SDK\ODBC\170\Tools\Binn;C:\Program Files\Microsoft SQL Server\130\Tools\Binn;C:\Users\USER\AppData\Local\Programs\cursor\resources\app\bin;C:\Users\USER\AppData\Local\Programs\cursor\resources\app\bin;C:\Program Files\Java\apache-maven-3.9.10\bin;C:\Users\USER\AppData\Local\Programs\Python\Python312\Scripts;C:\Users\USER\AppData\Local\Programs\Python\Python312;C:\Users\USER\AppData\Local\Programs\Python\Launcher;C:\Users\USER\AppData\Local\Microsoft\WindowsApps;C:\Users\USER\.dotnet\tools;C:\Program Files\nodejs;D:\Program Files\Git\git-bash.exe;C:\Users\USER\AppData\Local\GitHubDesktop\bin;C:\Users\USER\AppData\Local\Programs\Microsoft VS Code\bin;D:\Program Files\JetBrains\IntelliJ IDEA 2024.3.1.1\bin;C:\Program Files\Azure Data Studio\bin;C:\Users\USER\AppData\Local\Programs\cursor\resources\app\bin;."/>
    <property name="java.vm.info" value="mixed mode, sharing"/>
    <property name="java.vendor" value="Oracle Corporation"/>
    <property name="java.vm.version" value="17.0.15+9-LTS-241"/>
    <property name="java.specification.maintenance.version" value="1"/>
    <property name="sun.io.unicode.encoding" value="UnicodeLittle"/>
    <property name="java.class.version" value="61.0"/>
  </properties>
  <testcase name="Buying 12 socks priced at $100 each" classname="Double 11 Discount Promotion" time="0.071"/>
  <testcase name="Buying 27 socks priced at $100 each" classname="Double 11 Discount Promotion" time="0.002"/>
  <testcase name="Buying 1 unit each of 10 different products (A to J), each priced at $100" classname="Double 11 Discount Promotion" time="0.007"/>
</testsuite>